<?xml version="1.0" encoding="UTF-8"?>
<!-- Generated by org.testng.reporters.JUnitReportReporter -->
<testsuite skipped="0" hostname="LAPTOP-0S5JKHEP" name="Bluestone.offers2" tests="1" failures="0" timestamp="06 Feb 2019 11:15:19 GMT" time="26.616" errors="0">
  <testcase name="testOffers" time="26.616" classname="Bluestone.offers2"/>
</testsuite> <!-- Bluestone.offers2 -->
