<?xml version="1.0" encoding="UTF-8"?>
<!-- Generated by org.testng.reporters.JUnitReportReporter -->
<testsuite skipped="0" hostname="LAPTOP-0S5JKHEP" name="Bluestone.offers" tests="1" failures="0" timestamp="06 Feb 2019 11:11:42 GMT" time="18.831" errors="0">
  <testcase name="testOffers" time="18.831" classname="Bluestone.offers"/>
</testsuite> <!-- Bluestone.offers -->
