<?xml version="1.0" encoding="UTF-8"?>
<!-- Generated by org.testng.reporters.JUnitReportReporter -->
<testsuite skipped="0" hostname="LAPTOP-0S5JKHEP" name="generalTest.Demo1" tests="1" failures="0" timestamp="19 Feb 2019 05:07:00 GMT" time="0.004" errors="0">
  <testcase name="run" time="0.004" classname="generalTest.Demo1"/>
</testsuite> <!-- generalTest.Demo1 -->
