<?xml version="1.0" encoding="UTF-8"?>
<!-- Generated by org.testng.reporters.JUnitReportReporter -->
<testsuite skipped="0" hostname="LAPTOP-0S5JKHEP" name="Bluestone.BlueStone3" tests="1" failures="0" timestamp="03 Feb 2019 10:00:55 GMT" time="27.346" errors="0">
  <testcase name="test" time="27.346" classname="Bluestone.BlueStone3"/>
</testsuite> <!-- Bluestone.BlueStone3 -->
