<?xml version="1.0" encoding="UTF-8"?>
<!-- Generated by org.testng.reporters.JUnitReportReporter -->
<testsuite skipped="0" hostname="LAPTOP-0S5JKHEP" name="genericMethods.TestRerun" tests="1" failures="0" timestamp="18 Feb 2019 11:36:37 GMT" time="0.078" errors="0">
  <testcase name="test" time="0.078" classname="genericMethods.TestRerun"/>
</testsuite> <!-- genericMethods.TestRerun -->
