<?xml version="1.0" encoding="UTF-8"?>
<!-- Generated by org.testng.reporters.JUnitReportReporter -->
<testsuite skipped="0" hostname="LAPTOP-0S5JKHEP" name="MMT.MakeMyTrip" tests="1" failures="0" timestamp="05 Feb 2019 12:39:41 GMT" time="51.746" errors="0">
  <testcase name="dateCompare" time="51.746" classname="MMT.MakeMyTrip"/>
</testsuite> <!-- MMT.MakeMyTrip -->
