<?xml version="1.0" encoding="UTF-8"?>
<!-- Generated by org.testng.reporters.JUnitReportReporter -->
<testsuite skipped="0" hostname="LAPTOP-0S5JKHEP" name="extentreport.Demo" tests="1" failures="0" timestamp="11 Feb 2019 08:22:28 GMT" time="0.698" errors="0">
  <testcase name="demoTest" time="0.698" classname="extentreport.Demo"/>
</testsuite> <!-- extentreport.Demo -->
