<?xml version="1.0" encoding="UTF-8"?>
<!-- Generated by org.testng.reporters.JUnitReportReporter -->
<testsuite skipped="0" hostname="LAPTOP-0S5JKHEP" name="genericMethods.jQueryDrag" tests="4" failures="0" timestamp="07 Feb 2019 11:38:29 GMT" time="9.228" errors="0">
  <testcase name="goTo" time="7.963" classname="genericMethods.jQueryDrag"/>
  <testcase name="moveRightBy25" time="0.435" classname="genericMethods.jQueryDrag"/>
  <testcase name="moveRightBy50" time="0.533" classname="genericMethods.jQueryDrag"/>
  <testcase name="moveLeftBy20" time="0.297" classname="genericMethods.jQueryDrag"/>
</testsuite> <!-- genericMethods.jQueryDrag -->
